{"logLevel":"debug","message":"multithreading is set to false"}
{"logLevel":"debug","message":"Using reflection to scan dependencies for gauge implementations..."}
{"logLevel":"debug","message":"gauge-java took 1109milliseconds to load and scan. This should be less than 'runner_connection_timeout' config value."}
{"logLevel":"debug","message":"run 'gauge config runner_connection_timeout' and verify that it is < 1109"}
{"logLevel":"debug","message":"starting gRPC server..."}
{"logLevel":"debug","message":"Scanning packages for steps"}
{"logLevel":"debug","message":"Comparing 'com.spritecloud.test.RegistirationTest.passaword' and 'com.spritecloud.test.RegistirationTest.passaword'"}
{"logLevel":"debug","message":"Found User types password in current project scope."}
{"logLevel":"debug","message":"Comparing 'com.spritecloud.test.RegistirationTest.firstName' and 'com.spritecloud.test.RegistirationTest.firstName'"}
{"logLevel":"debug","message":"Found User types first name in current project scope."}
{"logLevel":"debug","message":"Comparing 'com.spritecloud.test.RegistirationTest.lastName' and 'com.spritecloud.test.RegistirationTest.lastName'"}
{"logLevel":"debug","message":"Found User types last name in current project scope."}
{"logLevel":"debug","message":"Comparing 'com.spritecloud.test.RegistirationTest.before' and 'com.spritecloud.test.RegistirationTest.before'"}
{"logLevel":"debug","message":"Found User opens Website in current project scope."}
{"logLevel":"debug","message":"Comparing 'com.spritecloud.test.RegistirationTest.newUser' and 'com.spritecloud.test.RegistirationTest.newUser'"}
{"logLevel":"debug","message":"Found User clicks new user button in current project scope."}
{"logLevel":"debug","message":"Comparing 'com.spritecloud.test.RegistirationTest.userName' and 'com.spritecloud.test.RegistirationTest.userName'"}
{"logLevel":"debug","message":"Found User types username in current project scope."}
{"logLevel":"debug","message":"Comparing 'com.spritecloud.test.RegistirationTest.login' and 'com.spritecloud.test.RegistirationTest.login'"}
{"logLevel":"debug","message":"Found User clicks Login in current project scope."}
{"logLevel":"debug","message":"Comparing 'com.spritecloud.test.RegistirationTest.bookStore' and 'com.spritecloud.test.RegistirationTest.bookStore'"}
{"logLevel":"debug","message":"Found User opens Book Store in current project scope."}
{"logLevel":"debug","message":"Scanning packages for hooks"}
{"logLevel":"debug","message":"Scanned steps (using static parsing + reflections): "}
{"logLevel":"debug","message":"\tUser types password : public void passaword()"}
{"logLevel":"debug","message":"\tUser opens Book Store : public void bookStore()"}
{"logLevel":"debug","message":"\tUser types first name : public void firstName()"}
{"logLevel":"debug","message":"\tUser types username : public void userName()"}
{"logLevel":"debug","message":"\tUser types last name : public void lastName()"}
{"logLevel":"debug","message":"\tUser clicks Login : public void login()"}
{"logLevel":"debug","message":"\tUser clicks new user button : public void newUser()"}
{"logLevel":"debug","message":"\tUser opens Website : public void before()"}
{"logLevel":"debug","message":"started gRPC server on port 59708"}
{"logLevel":"info","message":"Listening on port:59708"}
Starting ChromeDriver 95.0.4638.54 (d31a821ec901f68d0d34ccdbaea45b4c86ce543e-refs/branch-heads/4638@{#871}) on port 18962
Only local connections are allowed.
Please see https://chromedriver.chromium.org/security-considerations for suggestions on keeping ChromeDriver safe.
ChromeDriver was started successfully.
Jan 15, 2022 9:42:33 PM org.openqa.selenium.remote.ProtocolHandshake createSession
INFO: Detected dialect: W3C
{"logLevel":"debug","message":"Executing 'User opens Website' using 'class com.spritecloud.test.RegistirationTest.before"}
2022-01-15 21:42:36 INFO  Log4j:20 - User succesfully opened the main website
{"logLevel":"debug","message":"Executing 'User opens Book Store' using 'class com.spritecloud.test.RegistirationTest.bookStore"}
2022-01-15 21:42:37 INFO  Log4j:20 - User succesfully opened the Book Store Page
{"logLevel":"debug","message":"Executing 'User clicks Login' using 'class com.spritecloud.test.RegistirationTest.login"}
{"logLevel":"debug","message":"Killing Java runner..."}
{"logLevel":"debug","message":"Stopping execution pool..."}
{"logLevel":"debug","message":"Shutting down grpc server..."}
{"logLevel":"debug","message":"Runner killed gracefully."}
